{
"contracts\\BasicDutchAuction.sol":{"l":{"17":84,"18":84,"19":84,"20":84,"21":84,"22":84,"23":84,"27":0,"31":15,"32":15,"33":14,"35":11,"36":2,"39":11,"40":11,"43":11,"44":2,"45":2,"50":5,"51":5,"52":1,"53":1,"57":22,"58":22,"59":4,"61":18,"67":7,"68":5,"69":4,"70":4},"path":"C:\\Users\\vinee\\contracts\\BasicDutchAuction.sol","s":{"1":0,"2":15,"3":15,"4":14,"5":11,"6":11,"7":2,"8":5,"9":5,"10":1,"11":22,"12":22,"13":4,"14":18,"15":7,"16":5,"17":4},"b":{"1":[15,0],"2":[14,1],"3":[11,3],"4":[2,9],"5":[2,9],"6":[1,4],"7":[4,18],"8":[5,2],"9":[4,1]},"f":{"1":84,"2":0,"3":15,"4":5,"5":22,"6":7},"fnMap":{"1":{"name":"constructor","line":16,"loc":{"start":{"line":16,"column":4},"end":{"line":24,"column":4}}},"2":{"name":"checkIfAuctionEnded","line":26,"loc":{"start":{"line":26,"column":4},"end":{"line":28,"column":4}}},"3":{"name":"bid","line":30,"loc":{"start":{"line":30,"column":4},"end":{"line":47,"column":4}}},"4":{"name":"withdraw","line":49,"loc":{"start":{"line":49,"column":4},"end":{"line":54,"column":4}}},"5":{"name":"currentPrice","line":56,"loc":{"start":{"line":56,"column":4},"end":{"line":63,"column":4}}},"6":{"name":"endAuction","line":66,"loc":{"start":{"line":66,"column":4},"end":{"line":71,"column":4}}}},"statementMap":{"1":{"start":{"line":27,"column":4},"end":{"line":27,"column":16}},"2":{"start":{"line":31,"column":8},"end":{"line":31,"column":95}},"3":{"start":{"line":32,"column":8},"end":{"line":32,"column":51}},"4":{"start":{"line":33,"column":8},"end":{"line":33,"column":70}},"5":{"start":{"line":35,"column":8},"end":{"line":35,"column":1237}},"6":{"start":{"line":43,"column":8},"end":{"line":43,"column":1552}},"7":{"start":{"line":45,"column":12},"end":{"line":45,"column":45}},"8":{"start":{"line":50,"column":8},"end":{"line":50,"column":47}},"9":{"start":{"line":51,"column":8},"end":{"line":51,"column":55}},"10":{"start":{"line":53,"column":8},"end":{"line":53,"column":49}},"11":{"start":{"line":57,"column":8},"end":{"line":57,"column":53}},"12":{"start":{"line":58,"column":8},"end":{"line":58,"column":2109}},"13":{"start":{"line":59,"column":12},"end":{"line":59,"column":31}},"14":{"start":{"line":61,"column":12},"end":{"line":61,"column":68}},"15":{"start":{"line":67,"column":8},"end":{"line":67,"column":73}},"16":{"start":{"line":68,"column":8},"end":{"line":68,"column":54}},"17":{"start":{"line":70,"column":8},"end":{"line":70,"column":42}}},"branchMap":{"1":{"line":31,"type":"if","locations":[{"start":{"line":31,"column":8},"end":{"line":31,"column":8}},{"start":{"line":31,"column":8},"end":{"line":31,"column":8}}]},"2":{"line":32,"type":"if","locations":[{"start":{"line":32,"column":8},"end":{"line":32,"column":8}},{"start":{"line":32,"column":8},"end":{"line":32,"column":8}}]},"3":{"line":33,"type":"if","locations":[{"start":{"line":33,"column":8},"end":{"line":33,"column":8}},{"start":{"line":33,"column":8},"end":{"line":33,"column":8}}]},"4":{"line":35,"type":"if","locations":[{"start":{"line":35,"column":8},"end":{"line":35,"column":8}},{"start":{"line":35,"column":8},"end":{"line":35,"column":8}}]},"5":{"line":43,"type":"if","locations":[{"start":{"line":43,"column":8},"end":{"line":43,"column":8}},{"start":{"line":43,"column":8},"end":{"line":43,"column":8}}]},"6":{"line":51,"type":"if","locations":[{"start":{"line":51,"column":8},"end":{"line":51,"column":8}},{"start":{"line":51,"column":8},"end":{"line":51,"column":8}}]},"7":{"line":58,"type":"if","locations":[{"start":{"line":58,"column":8},"end":{"line":58,"column":8}},{"start":{"line":58,"column":8},"end":{"line":58,"column":8}}]},"8":{"line":67,"type":"if","locations":[{"start":{"line":67,"column":8},"end":{"line":67,"column":8}},{"start":{"line":67,"column":8},"end":{"line":67,"column":8}}]},"9":{"line":68,"type":"if","locations":[{"start":{"line":68,"column":8},"end":{"line":68,"column":8}},{"start":{"line":68,"column":8},"end":{"line":68,"column":8}}]}}}}
