TN:
SF:C:\Users\vinee\contracts\BasicDutchAuction.sol
FN:16,constructor
FN:26,checkIfAuctionEnded
FN:30,bid
FN:49,withdraw
FN:56,currentPrice
FN:66,endAuction
FNF:6
FNH:5
FNDA:84,constructor
FNDA:0,checkIfAuctionEnded
FNDA:15,bid
FNDA:5,withdraw
FNDA:22,currentPrice
FNDA:7,endAuction
DA:17,84
DA:18,84
DA:19,84
DA:20,84
DA:21,84
DA:22,84
DA:23,84
DA:27,0
DA:31,15
DA:32,15
DA:33,14
DA:35,11
DA:36,2
DA:39,11
DA:40,11
DA:43,11
DA:44,2
DA:45,2
DA:50,5
DA:51,5
DA:52,1
DA:53,1
DA:57,22
DA:58,22
DA:59,4
DA:61,18
DA:67,7
DA:68,5
DA:69,4
DA:70,4
LF:30
LH:29
BRDA:31,1,0,15
BRDA:31,1,1,0
BRDA:32,2,0,14
BRDA:32,2,1,1
BRDA:33,3,0,11
BRDA:33,3,1,3
BRDA:35,4,0,2
BRDA:35,4,1,9
BRDA:43,5,0,2
BRDA:43,5,1,9
BRDA:51,6,0,1
BRDA:51,6,1,4
BRDA:58,7,0,4
BRDA:58,7,1,18
BRDA:67,8,0,5
BRDA:67,8,1,2
BRDA:68,9,0,4
BRDA:68,9,1,1
BRF:18
BRH:17
end_of_record
