TN:
SF:C:\Users\vinee\OneDrive\Desktop\New folder\Cryptocurrency\v5.0\contracts\MyNFT.sol
FN:10,constructor
FN:14,createCollectible
FNF:2
FNH:2
FNDA:120,constructor
FNDA:1,createCollectible
DA:11,120
DA:15,1
DA:16,1
DA:17,1
DA:18,1
LF:5
LH:5
BRF:0
BRH:0
end_of_record
TN:
SF:C:\Users\vinee\OneDrive\Desktop\New folder\Cryptocurrency\v5.0\contracts\MyToken.sol
FN:8,constructor
FNF:1
FNH:1
FNDA:114,constructor
DA:9,114
LF:1
LH:1
BRF:0
BRH:0
end_of_record
TN:
SF:C:\Users\vinee\OneDrive\Desktop\New folder\Cryptocurrency\v5.0\contracts\NFTDutchAuction_ERC20Bids.sol
FN:29,constructor
FN:54,bid
FN:63,_bid
FN:84,withdraw
FN:91,getNftTokenId
FN:95,currentPrice
FN:103,endAuction
FNF:7
FNH:5
FNDA:114,constructor
FNDA:0,bid
FNDA:0,_bid
FNDA:3,withdraw
FNDA:1,getNftTokenId
FNDA:2,currentPrice
FNDA:7,endAuction
DA:40,114
DA:41,114
DA:43,114
DA:44,114
DA:45,114
DA:46,114
DA:47,114
DA:48,114
DA:49,114
DA:58,0
DA:60,0
DA:65,0
DA:68,0
DA:70,0
DA:71,0
DA:74,0
DA:75,0
DA:78,0
DA:79,0
DA:80,0
DA:85,3
DA:86,3
DA:87,0
DA:88,0
DA:92,1
DA:96,2
DA:97,2
DA:98,0
DA:100,2
DA:104,7
DA:105,6
DA:106,6
DA:107,0
DA:108,0
LF:34
LH:18
BRDA:65,1,0,0
BRDA:65,1,1,0
BRDA:70,2,0,0
BRDA:70,2,1,0
BRDA:78,3,0,0
BRDA:78,3,1,0
BRDA:86,4,0,0
BRDA:86,4,1,3
BRDA:97,5,0,0
BRDA:97,5,1,2
BRDA:103,6,0,7
BRDA:103,6,1,3
BRDA:104,7,0,6
BRDA:104,7,1,1
BRDA:106,8,0,0
BRDA:106,8,1,6
BRF:16
BRH:7
end_of_record
