{"contracts\\MyNFT.sol":{"l":{"11":120,"15":1,"16":1,"17":1,"18":1},"path":"C:\\Users\\vinee\\OneDrive\\Desktop\\New folder\\Cryptocurrency\\v5.0\\contracts\\MyNFT.sol","s":{"1":1,"2":1,"3":1},"b":{},"f":{"1":120,"2":1},"fnMap":{"1":{"name":"constructor","line":10,"loc":{"start":{"line":10,"column":4},"end":{"line":12,"column":4}}},"2":{"name":"createCollectible","line":14,"loc":{"start":{"line":14,"column":4},"end":{"line":19,"column":4}}}},"statementMap":{"1":{"start":{"line":15,"column":8},"end":{"line":15,"column":40}},"2":{"start":{"line":16,"column":8},"end":{"line":16,"column":39}},"3":{"start":{"line":18,"column":8},"end":{"line":18,"column":24}}},"branchMap":{}},"contracts\\MyToken.sol":{"l":{"9":114},"path":"C:\\Users\\vinee\\OneDrive\\Desktop\\New folder\\Cryptocurrency\\v5.0\\contracts\\MyToken.sol","s":{"1":114},"b":{},"f":{"1":114},"fnMap":{"1":{"name":"constructor","line":8,"loc":{"start":{"line":8,"column":4},"end":{"line":10,"column":4}}}},"statementMap":{"1":{"start":{"line":9,"column":8},"end":{"line":9,"column":39}}},"branchMap":{}},"contracts\\NFTDutchAuction_ERC20Bids.sol":{"l":{"40":114,"41":114,"43":114,"44":114,"45":114,"46":114,"47":114,"48":114,"49":114,"58":0,"60":0,"65":0,"68":0,"70":0,"71":0,"74":0,"75":0,"78":0,"79":0,"80":0,"85":3,"86":3,"87":0,"88":0,"92":1,"96":2,"97":2,"98":0,"100":2,"104":7,"105":6,"106":6,"107":0,"108":0},"path":"C:\\Users\\vinee\\OneDrive\\Desktop\\New folder\\Cryptocurrency\\v5.0\\contracts\\NFTDutchAuction_ERC20Bids.sol","s":{"1":0,"2":0,"3":0,"4":0,"5":0,"6":0,"7":0,"8":3,"9":3,"10":0,"11":1,"12":2,"13":2,"14":0,"15":2,"16":7,"17":6,"18":0,"19":0},"b":{"1":[0,0],"2":[0,0],"3":[0,0],"4":[0,3],"5":[0,2],"6":[7,3],"7":[6,1],"8":[0,6]},"f":{"1":114,"2":0,"3":0,"4":3,"5":1,"6":2,"7":7},"fnMap":{"1":{"name":"constructor","line":29,"loc":{"start":{"line":29,"column":4},"end":{"line":50,"column":0}}},"2":{"name":"bid","line":54,"loc":{"start":{"line":54,"column":4},"end":{"line":61,"column":4}}},"3":{"name":"_bid","line":63,"loc":{"start":{"line":63,"column":4},"end":{"line":82,"column":4}}},"4":{"name":"withdraw","line":84,"loc":{"start":{"line":84,"column":4},"end":{"line":89,"column":4}}},"5":{"name":"getNftTokenId","line":91,"loc":{"start":{"line":91,"column":4},"end":{"line":93,"column":4}}},"6":{"name":"currentPrice","line":95,"loc":{"start":{"line":95,"column":4},"end":{"line":101,"column":4}}},"7":{"name":"endAuction","line":103,"loc":{"start":{"line":103,"column":4},"end":{"line":110,"column":4}}}},"statementMap":{"1":{"start":{"line":58,"column":8},"end":{"line":58,"column":81}},"2":{"start":{"line":60,"column":8},"end":{"line":60,"column":22}},"3":{"start":{"line":65,"column":8},"end":{"line":65,"column":70}},"4":{"start":{"line":68,"column":8},"end":{"line":68,"column":68}},"5":{"start":{"line":70,"column":8},"end":{"line":70,"column":2295}},"6":{"start":{"line":78,"column":8},"end":{"line":78,"column":2600}},"7":{"start":{"line":80,"column":12},"end":{"line":80,"column":51}},"8":{"start":{"line":85,"column":8},"end":{"line":85,"column":47}},"9":{"start":{"line":86,"column":8},"end":{"line":86,"column":55}},"10":{"start":{"line":88,"column":8},"end":{"line":88,"column":52}},"11":{"start":{"line":92,"column":8},"end":{"line":92,"column":26}},"12":{"start":{"line":96,"column":8},"end":{"line":96,"column":53}},"13":{"start":{"line":97,"column":8},"end":{"line":97,"column":3266}},"14":{"start":{"line":98,"column":12},"end":{"line":98,"column":31}},"15":{"start":{"line":100,"column":8},"end":{"line":100,"column":64}},"16":{"start":{"line":104,"column":8},"end":{"line":104,"column":54}},"17":{"start":{"line":106,"column":8},"end":{"line":106,"column":3567}},"18":{"start":{"line":107,"column":12},"end":{"line":107,"column":72}},"19":{"start":{"line":108,"column":12},"end":{"line":108,"column":51}}},"branchMap":{"1":{"line":65,"type":"if","locations":[{"start":{"line":65,"column":8},"end":{"line":65,"column":8}},{"start":{"line":65,"column":8},"end":{"line":65,"column":8}}]},"2":{"line":70,"type":"if","locations":[{"start":{"line":70,"column":8},"end":{"line":70,"column":8}},{"start":{"line":70,"column":8},"end":{"line":70,"column":8}}]},"3":{"line":78,"type":"if","locations":[{"start":{"line":78,"column":8},"end":{"line":78,"column":8}},{"start":{"line":78,"column":8},"end":{"line":78,"column":8}}]},"4":{"line":86,"type":"if","locations":[{"start":{"line":86,"column":8},"end":{"line":86,"column":8}},{"start":{"line":86,"column":8},"end":{"line":86,"column":8}}]},"5":{"line":97,"type":"if","locations":[{"start":{"line":97,"column":8},"end":{"line":97,"column":8}},{"start":{"line":97,"column":8},"end":{"line":97,"column":8}}]},"6":{"line":103,"type":"if","locations":[{"start":{"line":103,"column":33},"end":{"line":103,"column":33}},{"start":{"line":103,"column":33},"end":{"line":103,"column":33}}]},"7":{"line":104,"type":"if","locations":[{"start":{"line":104,"column":8},"end":{"line":104,"column":8}},{"start":{"line":104,"column":8},"end":{"line":104,"column":8}}]},"8":{"line":106,"type":"if","locations":[{"start":{"line":106,"column":8},"end":{"line":106,"column":8}},{"start":{"line":106,"column":8},"end":{"line":106,"column":8}}]}}}}