{"contracts\\MyNFT.sol":{"l":{"11":123,"15":1,"16":1,"17":1,"18":1},"path":"C:\\Users\\vinee\\OneDrive\\Desktop\\New folder\\Cryptocurrency\\v3.0\\contracts\\MyNFT.sol","s":{"1":1,"2":1,"3":1},"b":{},"f":{"1":123,"2":1},"fnMap":{"1":{"name":"constructor","line":10,"loc":{"start":{"line":10,"column":4},"end":{"line":12,"column":4}}},"2":{"name":"createCollectible","line":14,"loc":{"start":{"line":14,"column":4},"end":{"line":19,"column":4}}}},"statementMap":{"1":{"start":{"line":15,"column":8},"end":{"line":15,"column":40}},"2":{"start":{"line":16,"column":8},"end":{"line":16,"column":39}},"3":{"start":{"line":18,"column":8},"end":{"line":18,"column":24}}},"branchMap":{}},"contracts\\MyToken.sol":{"l":{"9":117},"path":"C:\\Users\\vinee\\OneDrive\\Desktop\\New folder\\Cryptocurrency\\v3.0\\contracts\\MyToken.sol","s":{"1":117},"b":{},"f":{"1":117},"fnMap":{"1":{"name":"constructor","line":8,"loc":{"start":{"line":8,"column":4},"end":{"line":10,"column":4}}}},"statementMap":{"1":{"start":{"line":9,"column":8},"end":{"line":9,"column":39}}},"branchMap":{}},"contracts\\NFTDutchAuction_ERC20Bids.sol":{"l":{"33":117,"34":117,"36":117,"37":117,"38":117,"39":117,"40":117,"41":117,"42":117,"46":22,"47":19,"50":17,"52":16,"53":6,"56":16,"57":16,"60":16,"61":0,"62":0,"67":7,"68":7,"69":3,"70":3,"74":1,"77":21,"78":21,"79":0,"81":21,"85":7,"86":6,"87":6,"88":0,"89":0},"path":"C:\\Users\\vinee\\OneDrive\\Desktop\\New folder\\Cryptocurrency\\v3.0\\contracts\\NFTDutchAuction_ERC20Bids.sol","s":{"1":22,"2":19,"3":17,"4":16,"5":16,"6":0,"7":7,"8":7,"9":3,"10":1,"11":21,"12":21,"13":0,"14":21,"15":7,"16":6,"17":0,"18":0},"b":{"1":[19,3],"2":[17,2],"3":[6,10],"4":[0,16],"5":[3,4],"6":[0,21],"7":[7,3],"8":[6,1],"9":[0,6]},"f":{"1":117,"2":22,"3":7,"4":1,"5":21,"6":7},"fnMap":{"1":{"name":"constructor","line":25,"loc":{"start":{"line":25,"column":4},"end":{"line":43,"column":4}}},"2":{"name":"bid","line":45,"loc":{"start":{"line":45,"column":4},"end":{"line":64,"column":4}}},"3":{"name":"withdraw","line":66,"loc":{"start":{"line":66,"column":4},"end":{"line":71,"column":4}}},"4":{"name":"getNftTokenId","line":73,"loc":{"start":{"line":73,"column":4},"end":{"line":75,"column":4}}},"5":{"name":"currentPrice","line":76,"loc":{"start":{"line":76,"column":4},"end":{"line":82,"column":4}}},"6":{"name":"endAuction","line":84,"loc":{"start":{"line":84,"column":4},"end":{"line":91,"column":4}}}},"statementMap":{"1":{"start":{"line":46,"column":8},"end":{"line":46,"column":95}},"2":{"start":{"line":47,"column":8},"end":{"line":47,"column":70}},"3":{"start":{"line":50,"column":8},"end":{"line":50,"column":68}},"4":{"start":{"line":52,"column":8},"end":{"line":52,"column":1800}},"5":{"start":{"line":60,"column":8},"end":{"line":60,"column":2106}},"6":{"start":{"line":62,"column":12},"end":{"line":62,"column":51}},"7":{"start":{"line":67,"column":8},"end":{"line":67,"column":47}},"8":{"start":{"line":68,"column":8},"end":{"line":68,"column":55}},"9":{"start":{"line":70,"column":8},"end":{"line":70,"column":52}},"10":{"start":{"line":74,"column":8},"end":{"line":74,"column":26}},"11":{"start":{"line":77,"column":8},"end":{"line":77,"column":53}},"12":{"start":{"line":78,"column":8},"end":{"line":78,"column":2775}},"13":{"start":{"line":79,"column":12},"end":{"line":79,"column":31}},"14":{"start":{"line":81,"column":8},"end":{"line":81,"column":64}},"15":{"start":{"line":85,"column":8},"end":{"line":85,"column":54}},"16":{"start":{"line":87,"column":8},"end":{"line":87,"column":3076}},"17":{"start":{"line":88,"column":12},"end":{"line":88,"column":72}},"18":{"start":{"line":89,"column":12},"end":{"line":89,"column":51}}},"branchMap":{"1":{"line":46,"type":"if","locations":[{"start":{"line":46,"column":8},"end":{"line":46,"column":8}},{"start":{"line":46,"column":8},"end":{"line":46,"column":8}}]},"2":{"line":47,"type":"if","locations":[{"start":{"line":47,"column":8},"end":{"line":47,"column":8}},{"start":{"line":47,"column":8},"end":{"line":47,"column":8}}]},"3":{"line":52,"type":"if","locations":[{"start":{"line":52,"column":8},"end":{"line":52,"column":8}},{"start":{"line":52,"column":8},"end":{"line":52,"column":8}}]},"4":{"line":60,"type":"if","locations":[{"start":{"line":60,"column":8},"end":{"line":60,"column":8}},{"start":{"line":60,"column":8},"end":{"line":60,"column":8}}]},"5":{"line":68,"type":"if","locations":[{"start":{"line":68,"column":8},"end":{"line":68,"column":8}},{"start":{"line":68,"column":8},"end":{"line":68,"column":8}}]},"6":{"line":78,"type":"if","locations":[{"start":{"line":78,"column":8},"end":{"line":78,"column":8}},{"start":{"line":78,"column":8},"end":{"line":78,"column":8}}]},"7":{"line":84,"type":"if","locations":[{"start":{"line":84,"column":33},"end":{"line":84,"column":33}},{"start":{"line":84,"column":33},"end":{"line":84,"column":33}}]},"8":{"line":85,"type":"if","locations":[{"start":{"line":85,"column":8},"end":{"line":85,"column":8}},{"start":{"line":85,"column":8},"end":{"line":85,"column":8}}]},"9":{"line":87,"type":"if","locations":[{"start":{"line":87,"column":8},"end":{"line":87,"column":8}},{"start":{"line":87,"column":8},"end":{"line":87,"column":8}}]}}}}