TN:
SF:C:\Users\vinee\OneDrive\Desktop\New folder\Cryptocurrency\v3.0\contracts\MyNFT.sol
FN:10,constructor
FN:14,createCollectible
FNF:2
FNH:2
FNDA:123,constructor
FNDA:1,createCollectible
DA:11,123
DA:15,1
DA:16,1
DA:17,1
DA:18,1
LF:5
LH:5
BRF:0
BRH:0
end_of_record
TN:
SF:C:\Users\vinee\OneDrive\Desktop\New folder\Cryptocurrency\v3.0\contracts\MyToken.sol
FN:8,constructor
FNF:1
FNH:1
FNDA:117,constructor
DA:9,117
LF:1
LH:1
BRF:0
BRH:0
end_of_record
TN:
SF:C:\Users\vinee\OneDrive\Desktop\New folder\Cryptocurrency\v3.0\contracts\NFTDutchAuction_ERC20Bids.sol
FN:25,constructor
FN:45,bid
FN:66,withdraw
FN:73,getNftTokenId
FN:76,currentPrice
FN:84,endAuction
FNF:6
FNH:6
FNDA:117,constructor
FNDA:22,bid
FNDA:7,withdraw
FNDA:1,getNftTokenId
FNDA:21,currentPrice
FNDA:7,endAuction
DA:33,117
DA:34,117
DA:36,117
DA:37,117
DA:38,117
DA:39,117
DA:40,117
DA:41,117
DA:42,117
DA:46,22
DA:47,19
DA:50,17
DA:52,16
DA:53,6
DA:56,16
DA:57,16
DA:60,16
DA:61,0
DA:62,0
DA:67,7
DA:68,7
DA:69,3
DA:70,3
DA:74,1
DA:77,21
DA:78,21
DA:79,0
DA:81,21
DA:85,7
DA:86,6
DA:87,6
DA:88,0
DA:89,0
LF:33
LH:28
BRDA:46,1,0,19
BRDA:46,1,1,3
BRDA:47,2,0,17
BRDA:47,2,1,2
BRDA:52,3,0,6
BRDA:52,3,1,10
BRDA:60,4,0,0
BRDA:60,4,1,16
BRDA:68,5,0,3
BRDA:68,5,1,4
BRDA:78,6,0,0
BRDA:78,6,1,21
BRDA:84,7,0,7
BRDA:84,7,1,3
BRDA:85,8,0,6
BRDA:85,8,1,1
BRDA:87,9,0,0
BRDA:87,9,1,6
BRF:18
BRH:15
end_of_record
