{
"contracts\\ERC721Mock.sol":{"l":{"11":2},"path":"C:\\Users\\vinee\\OneDrive\\Desktop\\New folder\\Cryptocurrency\\v2.0\\contracts\\ERC721Mock.sol","s":{"1":2},"b":{},"f":{"1":6,"2":2},"fnMap":{"1":{"name":"constructor","line":7,"loc":{"start":{"line":7,"column":4},"end":{"line":8,"column":4}}},"2":{"name":"mint","line":10,"loc":{"start":{"line":10,"column":4},"end":{"line":12,"column":4}}}},"statementMap":{"1":{"start":{"line":11,"column":8},"end":{"line":11,"column":25}}},"branchMap":{}},
"contracts\\NFTDutchAuction.sol":{"l":{"29":75,"30":75,"31":75,"32":75,"33":75,"34":75,"35":75,"39":20,"41":15,"43":13,"44":3,"47":13,"48":13,"51":13,"52":5,"53":5,"58":3,"59":3,"60":1,"61":1,"65":18,"66":18,"67":5,"69":13,"75":7,"76":5,"77":4,"78":4},"path":"C:\\Users\\vinee\\OneDrive\\Desktop\\New folder\\Cryptocurrency\\v2.0\\contracts\\NFTDutchAuction.sol","s":{"1":20,"2":15,"3":13,"4":13,"5":5,"6":3,"7":3,"8":1,"9":18,"10":18,"11":5,"12":13,"13":7,"14":5,"15":4},"b":{"1":[15,5],"2":[13,2],"3":[3,10],"4":[5,8],"5":[1,2],"6":[5,13],"7":[5,2],"8":[4,1]},"f":{"1":75,"2":20,"3":3,"4":18,"5":7},"fnMap":{"1":{"name":"constructor","line":28,"loc":{"start":{"line":21,"column":4},"end":{"line":36,"column":4}}},"2":{"name":"bid","line":38,"loc":{"start":{"line":38,"column":4},"end":{"line":55,"column":4}}},"3":{"name":"withdraw","line":57,"loc":{"start":{"line":57,"column":4},"end":{"line":62,"column":4}}},"4":{"name":"currentPrice","line":64,"loc":{"start":{"line":64,"column":4},"end":{"line":71,"column":4}}},"5":{"name":"endAuction","line":74,"loc":{"start":{"line":74,"column":4},"end":{"line":79,"column":4}}}},"statementMap":{"1":{"start":{"line":39,"column":8},"end":{"line":39,"column":95}},"2":{"start":{"line":41,"column":8},"end":{"line":41,"column":70}},"3":{"start":{"line":43,"column":8},"end":{"line":43,"column":1470}},"4":{"start":{"line":51,"column":8},"end":{"line":51,"column":1785}},"5":{"start":{"line":53,"column":12},"end":{"line":53,"column":47}},"6":{"start":{"line":58,"column":8},"end":{"line":58,"column":47}},"7":{"start":{"line":59,"column":8},"end":{"line":59,"column":55}},"8":{"start":{"line":61,"column":8},"end":{"line":61,"column":49}},"9":{"start":{"line":65,"column":8},"end":{"line":65,"column":53}},"10":{"start":{"line":66,"column":8},"end":{"line":66,"column":2344}},"11":{"start":{"line":67,"column":12},"end":{"line":67,"column":31}},"12":{"start":{"line":69,"column":12},"end":{"line":69,"column":68}},"13":{"start":{"line":75,"column":8},"end":{"line":75,"column":75}},"14":{"start":{"line":76,"column":8},"end":{"line":76,"column":54}},"15":{"start":{"line":78,"column":8},"end":{"line":78,"column":44}}},"branchMap":{"1":{"line":39,"type":"if","locations":[{"start":{"line":39,"column":8},"end":{"line":39,"column":8}},{"start":{"line":39,"column":8},"end":{"line":39,"column":8}}]},"2":{"line":41,"type":"if","locations":[{"start":{"line":41,"column":8},"end":{"line":41,"column":8}},{"start":{"line":41,"column":8},"end":{"line":41,"column":8}}]},"3":{"line":43,"type":"if","locations":[{"start":{"line":43,"column":8},"end":{"line":43,"column":8}},{"start":{"line":43,"column":8},"end":{"line":43,"column":8}}]},"4":{"line":51,"type":"if","locations":[{"start":{"line":51,"column":8},"end":{"line":51,"column":8}},{"start":{"line":51,"column":8},"end":{"line":51,"column":8}}]},"5":{"line":59,"type":"if","locations":[{"start":{"line":59,"column":8},"end":{"line":59,"column":8}},{"start":{"line":59,"column":8},"end":{"line":59,"column":8}}]},"6":{"line":66,"type":"if","locations":[{"start":{"line":66,"column":8},"end":{"line":66,"column":8}},{"start":{"line":66,"column":8},"end":{"line":66,"column":8}}]},"7":{"line":75,"type":"if","locations":[{"start":{"line":75,"column":8},"end":{"line":75,"column":8}},{"start":{"line":75,"column":8},"end":{"line":75,"column":8}}]},"8":{"line":76,"type":"if","locations":[{"start":{"line":76,"column":8},"end":{"line":76,"column":8}},{"start":{"line":76,"column":8},"end":{"line":76,"column":8}}]}}}}
