TN:
SF:C:\Users\vinee\OneDrive\Desktop\New folder\Cryptocurrency\v2.0\contracts\ERC721Mock.sol
FN:7,constructor
FN:10,mint
FNF:2
FNH:2
FNDA:6,constructor
FNDA:2,mint
DA:11,2
LF:1
LH:1
BRF:0
BRH:0
end_of_record
TN:
SF:C:\Users\vinee\OneDrive\Desktop\New folder\Cryptocurrency\v2.0\contracts\NFTDutchAuction.sol
FN:28,constructor
FN:38,bid
FN:57,withdraw
FN:64,currentPrice
FN:74,endAuction
FNF:5
FNH:5
FNDA:75,constructor
FNDA:20,bid
FNDA:3,withdraw
FNDA:18,currentPrice
FNDA:7,endAuction
DA:29,75
DA:30,75
DA:31,75
DA:32,75
DA:33,75
DA:34,75
DA:35,75
DA:39,20
DA:41,15
DA:43,13
DA:44,3
DA:47,13
DA:48,13
DA:51,13
DA:52,5
DA:53,5
DA:58,3
DA:59,3
DA:60,1
DA:61,1
DA:65,18
DA:66,18
DA:67,5
DA:69,13
DA:75,7
DA:76,5
DA:77,4
DA:78,4
LF:28
LH:28
BRDA:39,1,0,15
BRDA:39,1,1,5
BRDA:41,2,0,13
BRDA:41,2,1,2
BRDA:43,3,0,3
BRDA:43,3,1,10
BRDA:51,4,0,5
BRDA:51,4,1,8
BRDA:59,5,0,1
BRDA:59,5,1,2
BRDA:66,6,0,5
BRDA:66,6,1,13
BRDA:75,7,0,5
BRDA:75,7,1,2
BRDA:76,8,0,4
BRDA:76,8,1,1
BRF:16
BRH:16
end_of_record
